<?xml version="1.0" encoding="UTF-8"?>
<coverage generated="1585127869012" clover="3.2.0">
  <project timestamp="1585127869012" name="All files">
    <metrics statements="60" coveredstatements="60" conditionals="10" coveredconditionals="10" methods="24" coveredmethods="24" elements="94" coveredelements="94" complexity="0" loc="60" ncloc="60" packages="1" files="6" classes="6"/>
    <file name="api-synch.ts" path="/Users/cusi/Development/Projects/training/typescript/webframework/src/models/api-synch.ts">
      <metrics statements="7" coveredstatements="7" conditionals="2" coveredconditionals="2" methods="3" coveredmethods="3"/>
      <line num="1" count="4" type="stmt"/>
      <line num="7" count="4" type="stmt"/>
      <line num="8" count="14" type="stmt"/>
      <line num="11" count="4" type="stmt"/>
      <line num="15" count="4" type="cond" truecount="2" falsecount="0"/>
      <line num="16" count="1" type="stmt"/>
      <line num="18" count="3" type="stmt"/>
    </file>
    <file name="attributes.ts" path="/Users/cusi/Development/Projects/training/typescript/webframework/src/models/attributes.ts">
      <metrics statements="5" coveredstatements="5" conditionals="0" coveredconditionals="0" methods="4" coveredmethods="4"/>
      <line num="1" count="4" type="stmt"/>
      <line num="2" count="15" type="stmt"/>
      <line num="5" count="16" type="stmt"/>
      <line num="9" count="7" type="stmt"/>
      <line num="13" count="3" type="stmt"/>
    </file>
    <file name="collection.ts" path="/Users/cusi/Development/Projects/training/typescript/webframework/src/models/collection.ts">
      <metrics statements="13" coveredstatements="13" conditionals="0" coveredconditionals="0" methods="4" coveredmethods="4"/>
      <line num="1" count="2" type="stmt"/>
      <line num="3" count="2" type="stmt"/>
      <line num="7" count="2" type="stmt"/>
      <line num="8" count="4" type="stmt"/>
      <line num="9" count="4" type="stmt"/>
      <line num="11" count="4" type="stmt"/>
      <line num="14" count="3" type="stmt"/>
      <line num="18" count="1" type="stmt"/>
      <line num="22" count="3" type="stmt"/>
      <line num="23" count="3" type="stmt"/>
      <line num="24" count="2" type="stmt"/>
      <line num="25" count="2" type="stmt"/>
      <line num="27" count="1" type="stmt"/>
    </file>
    <file name="eventing.ts" path="/Users/cusi/Development/Projects/training/typescript/webframework/src/models/eventing.ts">
      <metrics statements="6" coveredstatements="6" conditionals="6" coveredconditionals="6" methods="4" coveredmethods="4"/>
      <line num="3" count="4" type="stmt"/>
      <line num="4" count="18" type="stmt"/>
      <line num="7" count="15" type="cond" truecount="2" falsecount="0"/>
      <line num="8" count="15" type="stmt"/>
      <line num="12" count="13" type="stmt"/>
      <line num="13" count="13" type="cond" truecount="4" falsecount="0"/>
    </file>
    <file name="model.ts" path="/Users/cusi/Development/Projects/training/typescript/webframework/src/models/model.ts">
      <metrics statements="20" coveredstatements="20" conditionals="2" coveredconditionals="2" methods="7" coveredmethods="7"/>
      <line num="23" count="3" type="stmt"/>
      <line num="25" count="12" type="stmt"/>
      <line num="26" count="12" type="stmt"/>
      <line num="27" count="12" type="stmt"/>
      <line num="31" count="6" type="stmt"/>
      <line num="34" count="1" type="stmt"/>
      <line num="37" count="6" type="stmt"/>
      <line num="41" count="4" type="stmt"/>
      <line num="42" count="4" type="stmt"/>
      <line num="46" count="4" type="stmt"/>
      <line num="47" count="4" type="cond" truecount="2" falsecount="0"/>
      <line num="49" count="3" type="stmt"/>
      <line num="50" count="3" type="stmt"/>
      <line num="51" count="2" type="stmt"/>
      <line num="53" count="1" type="stmt"/>
      <line num="58" count="2" type="stmt"/>
      <line num="59" count="2" type="stmt"/>
      <line num="60" count="1" type="stmt"/>
      <line num="61" count="1" type="stmt"/>
      <line num="63" count="1" type="stmt"/>
    </file>
    <file name="user.ts" path="/Users/cusi/Development/Projects/training/typescript/webframework/src/models/user.ts">
      <metrics statements="9" coveredstatements="9" conditionals="0" coveredconditionals="0" methods="2" coveredmethods="2"/>
      <line num="1" count="1" type="stmt"/>
      <line num="2" count="1" type="stmt"/>
      <line num="3" count="1" type="stmt"/>
      <line num="4" count="1" type="stmt"/>
      <line num="5" count="1" type="stmt"/>
      <line num="7" count="1" type="stmt"/>
      <line num="15" count="1" type="stmt"/>
      <line num="17" count="2" type="stmt"/>
      <line num="25" count="1" type="stmt"/>
    </file>
  </project>
</coverage>
