{"/Users/cusi/Development/Projects/training/typescript/webframework/src/models/api-synch.ts": {"path":"/Users/cusi/Development/Projects/training/typescript/webframework/src/models/api-synch.ts","statementMap":{"0":{"start":{"line":1,"column":0},"end":{"line":1,"column":45}},"1":{"start":{"line":8,"column":21},"end":{"line":8,"column":36}},"2":{"start":{"line":11,"column":4},"end":{"line":11,"column":46}},"3":{"start":{"line":15,"column":4},"end":{"line":17,"column":null}},"4":{"start":{"line":16,"column":6},"end":{"line":16,"column":59}},"5":{"start":{"line":18,"column":4},"end":{"line":18,"column":42}},"6":{"start":{"line":7,"column":0},"end":{"line":7,"column":13}}},"fnMap":{"0":{"name":"(anonymous_8)","decl":{"start":{"line":8,"column":2},"end":{"line":8,"column":21}},"loc":{"start":{"line":8,"column":36},"end":{"line":8,"column":40}}},"1":{"name":"(anonymous_9)","decl":{"start":{"line":10,"column":2},"end":{"line":10,"column":7}},"loc":{"start":{"line":10,"column":18},"end":{"line":12,"column":3}}},"2":{"name":"(anonymous_10)","decl":{"start":{"line":14,"column":8},"end":{"line":14,"column":12}},"loc":{"start":{"line":14,"column":20},"end":{"line":19,"column":null}}}},"branchMap":{"0":{"loc":{"start":{"line":15,"column":4},"end":{"line":17,"column":null}},"type":"if","locations":[{"start":{"line":15,"column":4},"end":{"line":17,"column":null}},{"start":{"line":15,"column":4},"end":{"line":17,"column":null}}]}},"s":{"0":4,"1":14,"2":4,"3":4,"4":1,"5":3,"6":4},"f":{"0":14,"1":4,"2":4},"b":{"0":[1,3]}}
,"/Users/cusi/Development/Projects/training/typescript/webframework/src/models/attributes.ts": {"path":"/Users/cusi/Development/Projects/training/typescript/webframework/src/models/attributes.ts","statementMap":{"0":{"start":{"line":2,"column":22},"end":{"line":2,"column":29}},"1":{"start":{"line":5,"column":4},"end":{"line":5,"column":26}},"2":{"start":{"line":9,"column":4},"end":{"line":9,"column":53}},"3":{"start":{"line":13,"column":4},"end":{"line":13,"column":21}},"4":{"start":{"line":1,"column":0},"end":{"line":1,"column":13}}},"fnMap":{"0":{"name":"(anonymous_0)","decl":{"start":{"line":2,"column":2},"end":{"line":2,"column":22}},"loc":{"start":{"line":2,"column":29},"end":{"line":2,"column":33}}},"1":{"name":"(anonymous_1)","decl":{"start":{"line":4,"column":2},"end":{"line":4,"column":5}},"loc":{"start":{"line":4,"column":31},"end":{"line":6,"column":3}}},"2":{"name":"(anonymous_2)","decl":{"start":{"line":8,"column":2},"end":{"line":8,"column":5}},"loc":{"start":{"line":8,"column":15},"end":{"line":10,"column":3}}},"3":{"name":"(anonymous_3)","decl":{"start":{"line":12,"column":2},"end":{"line":12,"column":8}},"loc":{"start":{"line":12,"column":8},"end":{"line":14,"column":3}}}},"branchMap":{},"s":{"0":15,"1":16,"2":7,"3":3,"4":4},"f":{"0":15,"1":16,"2":7,"3":3},"b":{}}
,"/Users/cusi/Development/Projects/training/typescript/webframework/src/models/collection.ts": {"path":"/Users/cusi/Development/Projects/training/typescript/webframework/src/models/collection.ts","statementMap":{"0":{"start":{"line":1,"column":0},"end":{"line":1,"column":45}},"1":{"start":{"line":3,"column":0},"end":{"line":3,"column":38}},"2":{"start":{"line":11,"column":21},"end":{"line":11,"column":36}},"3":{"start":{"line":11,"column":45},"end":{"line":11,"column":72}},"4":{"start":{"line":8,"column":10},"end":{"line":8,"column":44}},"5":{"start":{"line":9,"column":9},"end":{"line":9,"column":26}},"6":{"start":{"line":14,"column":4},"end":{"line":14,"column":44}},"7":{"start":{"line":18,"column":4},"end":{"line":18,"column":49}},"8":{"start":{"line":22,"column":4},"end":{"line":28,"column":null}},"9":{"start":{"line":23,"column":19},"end":{"line":23,"column":48}},"10":{"start":{"line":24,"column":6},"end":{"line":24,"column":52}},"11":{"start":{"line":25,"column":6},"end":{"line":25,"column":34}},"12":{"start":{"line":27,"column":6},"end":{"line":27,"column":42}},"13":{"start":{"line":7,"column":0},"end":{"line":7,"column":13}}},"fnMap":{"0":{"name":"(anonymous_8)","decl":{"start":{"line":11,"column":2},"end":{"line":11,"column":21}},"loc":{"start":{"line":11,"column":72},"end":{"line":11,"column":76}}},"1":{"name":"(anonymous_9)","decl":{"start":{"line":13,"column":2},"end":{"line":13,"column":6}},"loc":{"start":{"line":13,"column":8},"end":{"line":15,"column":3}}},"2":{"name":"(anonymous_10)","decl":{"start":{"line":17,"column":2},"end":{"line":17,"column":6}},"loc":{"start":{"line":17,"column":13},"end":{"line":19,"column":3}}},"3":{"name":"(anonymous_11)","decl":{"start":{"line":21,"column":8},"end":{"line":21,"column":13}},"loc":{"start":{"line":21,"column":13},"end":{"line":29,"column":null}}}},"branchMap":{},"s":{"0":2,"1":2,"2":4,"3":4,"4":4,"5":4,"6":3,"7":1,"8":3,"9":3,"10":2,"11":2,"12":1,"13":2},"f":{"0":4,"1":3,"2":1,"3":3},"b":{}}
,"/Users/cusi/Development/Projects/training/typescript/webframework/src/models/eventing.ts": {"path":"/Users/cusi/Development/Projects/training/typescript/webframework/src/models/eventing.ts","statementMap":{"0":{"start":{"line":4,"column":2},"end":{"line":4,"column":45}},"1":{"start":{"line":7,"column":21},"end":{"line":7,"column":49}},"2":{"start":{"line":8,"column":4},"end":{"line":8,"column":55}},"3":{"start":{"line":12,"column":21},"end":{"line":12,"column":43}},"4":{"start":{"line":13,"column":4},"end":{"line":13,"column":78}},"5":{"start":{"line":13,"column":37},"end":{"line":13,"column":78}},"6":{"start":{"line":13,"column":66},"end":{"line":13,"column":76}},"7":{"start":{"line":3,"column":0},"end":{"line":3,"column":13}}},"fnMap":{"0":{"name":"(anonymous_0)","decl":{"start":{"line":3,"column":0},"end":{"line":3,"column":13}},"loc":{"start":{"line":3,"column":0},"end":{"line":15,"column":1}}},"1":{"name":"(anonymous_1)","decl":{"start":{"line":6,"column":2},"end":{"line":6,"column":4}},"loc":{"start":{"line":6,"column":42},"end":{"line":9,"column":3}}},"2":{"name":"(anonymous_2)","decl":{"start":{"line":11,"column":2},"end":{"line":11,"column":9}},"loc":{"start":{"line":11,"column":27},"end":{"line":14,"column":3}}},"3":{"name":"(anonymous_3)","decl":{"start":{"line":13,"column":54},"end":{"line":13,"column":62}},"loc":{"start":{"line":13,"column":66},"end":{"line":13,"column":76}}}},"branchMap":{"0":{"loc":{"start":{"line":7,"column":21},"end":{"line":7,"column":43}},"type":"binary-expr","locations":[{"start":{"line":7,"column":21},"end":{"line":7,"column":43}},{"start":{"line":7,"column":47},"end":{"line":7,"column":49}}]},"1":{"loc":{"start":{"line":13,"column":4},"end":{"line":13,"column":78}},"type":"if","locations":[{"start":{"line":13,"column":4},"end":{"line":13,"column":78}},{"start":{"line":13,"column":4},"end":{"line":13,"column":78}}]},"2":{"loc":{"start":{"line":13,"column":8},"end":{"line":13,"column":16}},"type":"binary-expr","locations":[{"start":{"line":13,"column":8},"end":{"line":13,"column":16}},{"start":{"line":13,"column":20},"end":{"line":13,"column":35}}]}},"s":{"0":18,"1":15,"2":15,"3":13,"4":13,"5":10,"6":11,"7":4},"f":{"0":18,"1":15,"2":13,"3":11},"b":{"0":[15,13],"1":[10,3],"2":[13,10]}}
,"/Users/cusi/Development/Projects/training/typescript/webframework/src/models/model.ts": {"path":"/Users/cusi/Development/Projects/training/typescript/webframework/src/models/model.ts","statementMap":{"0":{"start":{"line":25,"column":12},"end":{"line":25,"column":37}},"1":{"start":{"line":26,"column":12},"end":{"line":26,"column":26}},"2":{"start":{"line":27,"column":12},"end":{"line":27,"column":25}},"3":{"start":{"line":31,"column":4},"end":{"line":31,"column":44}},"4":{"start":{"line":34,"column":4},"end":{"line":34,"column":49}},"5":{"start":{"line":37,"column":4},"end":{"line":37,"column":43}},"6":{"start":{"line":41,"column":4},"end":{"line":41,"column":25}},"7":{"start":{"line":42,"column":4},"end":{"line":42,"column":34}},"8":{"start":{"line":46,"column":15},"end":{"line":46,"column":35}},"9":{"start":{"line":47,"column":4},"end":{"line":47,"column":59}},"10":{"start":{"line":47,"column":13},"end":{"line":47,"column":59}},"11":{"start":{"line":49,"column":4},"end":{"line":54,"column":null}},"12":{"start":{"line":50,"column":19},"end":{"line":50,"column":54}},"13":{"start":{"line":51,"column":6},"end":{"line":51,"column":33}},"14":{"start":{"line":53,"column":6},"end":{"line":53,"column":35}},"15":{"start":{"line":58,"column":4},"end":{"line":64,"column":null}},"16":{"start":{"line":59,"column":19},"end":{"line":59,"column":60}},"17":{"start":{"line":60,"column":6},"end":{"line":60,"column":26}},"18":{"start":{"line":61,"column":6},"end":{"line":61,"column":34}},"19":{"start":{"line":63,"column":6},"end":{"line":63,"column":35}},"20":{"start":{"line":23,"column":0},"end":{"line":23,"column":13}}},"fnMap":{"0":{"name":"(anonymous_7)","decl":{"start":{"line":24,"column":2},"end":{"line":24,"column":null}},"loc":{"start":{"line":27,"column":25},"end":{"line":28,"column":6}}},"1":{"name":"(anonymous_8)","decl":{"start":{"line":30,"column":2},"end":{"line":30,"column":6}},"loc":{"start":{"line":30,"column":8},"end":{"line":32,"column":3}}},"2":{"name":"(anonymous_9)","decl":{"start":{"line":33,"column":2},"end":{"line":33,"column":6}},"loc":{"start":{"line":33,"column":13},"end":{"line":35,"column":3}}},"3":{"name":"(anonymous_10)","decl":{"start":{"line":36,"column":2},"end":{"line":36,"column":6}},"loc":{"start":{"line":36,"column":9},"end":{"line":38,"column":3}}},"4":{"name":"(anonymous_11)","decl":{"start":{"line":40,"column":2},"end":{"line":40,"column":5}},"loc":{"start":{"line":40,"column":13},"end":{"line":43,"column":3}}},"5":{"name":"(anonymous_12)","decl":{"start":{"line":45,"column":8},"end":{"line":45,"column":13}},"loc":{"start":{"line":45,"column":13},"end":{"line":55,"column":null}}},"6":{"name":"(anonymous_14)","decl":{"start":{"line":57,"column":8},"end":{"line":57,"column":12}},"loc":{"start":{"line":57,"column":12},"end":{"line":65,"column":null}}}},"branchMap":{"0":{"loc":{"start":{"line":47,"column":4},"end":{"line":47,"column":59}},"type":"if","locations":[{"start":{"line":47,"column":4},"end":{"line":47,"column":59}},{"start":{"line":47,"column":4},"end":{"line":47,"column":59}}]}},"s":{"0":12,"1":12,"2":12,"3":6,"4":1,"5":6,"6":4,"7":4,"8":4,"9":4,"10":1,"11":3,"12":3,"13":2,"14":1,"15":2,"16":2,"17":1,"18":1,"19":1,"20":3},"f":{"0":12,"1":6,"2":1,"3":6,"4":4,"5":4,"6":2},"b":{"0":[1,3]}}
,"/Users/cusi/Development/Projects/training/typescript/webframework/src/models/user.ts": {"path":"/Users/cusi/Development/Projects/training/typescript/webframework/src/models/user.ts","statementMap":{"0":{"start":{"line":1,"column":0},"end":{"line":1,"column":42}},"1":{"start":{"line":2,"column":0},"end":{"line":2,"column":32}},"2":{"start":{"line":3,"column":0},"end":{"line":3,"column":38}},"3":{"start":{"line":4,"column":0},"end":{"line":4,"column":39}},"4":{"start":{"line":5,"column":0},"end":{"line":5,"column":42}},"5":{"start":{"line":7,"column":16},"end":{"line":7,"column":45}},"6":{"start":{"line":17,"column":4},"end":{"line":21,"column":6}},"7":{"start":{"line":25,"column":4},"end":{"line":25,"column":67}},"8":{"start":{"line":15,"column":0},"end":{"line":15,"column":13}}},"fnMap":{"0":{"name":"(anonymous_0)","decl":{"start":{"line":16,"column":2},"end":{"line":16,"column":8}},"loc":{"start":{"line":16,"column":34},"end":{"line":22,"column":3}}},"1":{"name":"(anonymous_1)","decl":{"start":{"line":24,"column":2},"end":{"line":24,"column":8}},"loc":{"start":{"line":24,"column":27},"end":{"line":26,"column":3}}}},"branchMap":{},"s":{"0":1,"1":1,"2":1,"3":1,"4":1,"5":1,"6":2,"7":1,"8":1},"f":{"0":2,"1":1},"b":{}}
}
