TN:
SF:src/models/api-synch.ts
FN:8,(anonymous_8)
FN:10,(anonymous_9)
FN:14,(anonymous_10)
FNF:3
FNH:3
FNDA:14,(anonymous_8)
FNDA:4,(anonymous_9)
FNDA:4,(anonymous_10)
DA:1,4
DA:7,4
DA:8,14
DA:11,4
DA:15,4
DA:16,1
DA:18,3
LF:7
LH:7
BRDA:15,0,0,1
BRDA:15,0,1,3
BRF:2
BRH:2
end_of_record
TN:
SF:src/models/attributes.ts
FN:2,(anonymous_0)
FN:4,(anonymous_1)
FN:8,(anonymous_2)
FN:12,(anonymous_3)
FNF:4
FNH:4
FNDA:15,(anonymous_0)
FNDA:16,(anonymous_1)
FNDA:7,(anonymous_2)
FNDA:3,(anonymous_3)
DA:1,4
DA:2,15
DA:5,16
DA:9,7
DA:13,3
LF:5
LH:5
BRF:0
BRH:0
end_of_record
TN:
SF:src/models/collection.ts
FN:11,(anonymous_8)
FN:13,(anonymous_9)
FN:17,(anonymous_10)
FN:21,(anonymous_11)
FNF:4
FNH:4
FNDA:4,(anonymous_8)
FNDA:3,(anonymous_9)
FNDA:1,(anonymous_10)
FNDA:3,(anonymous_11)
DA:1,2
DA:3,2
DA:7,2
DA:8,4
DA:9,4
DA:11,4
DA:14,3
DA:18,1
DA:22,3
DA:23,3
DA:24,2
DA:25,2
DA:27,1
LF:13
LH:13
BRF:0
BRH:0
end_of_record
TN:
SF:src/models/eventing.ts
FN:3,(anonymous_0)
FN:6,(anonymous_1)
FN:11,(anonymous_2)
FN:13,(anonymous_3)
FNF:4
FNH:4
FNDA:18,(anonymous_0)
FNDA:15,(anonymous_1)
FNDA:13,(anonymous_2)
FNDA:11,(anonymous_3)
DA:3,4
DA:4,18
DA:7,15
DA:8,15
DA:12,13
DA:13,13
LF:6
LH:6
BRDA:7,0,0,15
BRDA:7,0,1,13
BRDA:13,1,0,10
BRDA:13,1,1,3
BRDA:13,2,0,13
BRDA:13,2,1,10
BRF:6
BRH:6
end_of_record
TN:
SF:src/models/model.ts
FN:24,(anonymous_7)
FN:30,(anonymous_8)
FN:33,(anonymous_9)
FN:36,(anonymous_10)
FN:40,(anonymous_11)
FN:45,(anonymous_12)
FN:57,(anonymous_14)
FNF:7
FNH:7
FNDA:12,(anonymous_7)
FNDA:6,(anonymous_8)
FNDA:1,(anonymous_9)
FNDA:6,(anonymous_10)
FNDA:4,(anonymous_11)
FNDA:4,(anonymous_12)
FNDA:2,(anonymous_14)
DA:23,3
DA:25,12
DA:26,12
DA:27,12
DA:31,6
DA:34,1
DA:37,6
DA:41,4
DA:42,4
DA:46,4
DA:47,4
DA:49,3
DA:50,3
DA:51,2
DA:53,1
DA:58,2
DA:59,2
DA:60,1
DA:61,1
DA:63,1
LF:20
LH:20
BRDA:47,0,0,1
BRDA:47,0,1,3
BRF:2
BRH:2
end_of_record
TN:
SF:src/models/user.ts
FN:16,(anonymous_0)
FN:24,(anonymous_1)
FNF:2
FNH:2
FNDA:2,(anonymous_0)
FNDA:1,(anonymous_1)
DA:1,1
DA:2,1
DA:3,1
DA:4,1
DA:5,1
DA:7,1
DA:15,1
DA:17,2
DA:25,1
LF:9
LH:9
BRF:0
BRH:0
end_of_record
